<?xml version="1.0" encoding="UTF-8"?>
<!-- Generated by org.testng.reporters.JUnitReportReporter -->
<testsuite skipped="0" hostname="LT-Dell" name="com.crm.QuotesTest.QuotesTest2" tests="2" failures="0" timestamp="24 Oct 2018 11:15:10 GMT" time="57.656" errors="0">
  <testcase name="createQuotesTest" time="39.285" classname="com.crm.QuotesTest.QuotesTest2"/>
  <testcase name="QuotesSettingsTest" time="18.371" classname="com.crm.QuotesTest.QuotesTest2"/>
</testsuite> <!-- com.crm.QuotesTest.QuotesTest2 -->
