<?xml version="1.0" encoding="UTF-8"?>
<!-- Generated by org.testng.reporters.JUnitReportReporter -->
<testsuite skipped="0" hostname="LT-Dell" name="com.crm.ObjectRepository.NewQuotesTest" tests="1" failures="0" timestamp="29 Oct 2018 15:38:49 GMT" time="40.132" errors="0">
  <testcase name="CreateNewQuotesTest" time="40.132" classname="com.crm.ObjectRepository.NewQuotesTest"/>
</testsuite> <!-- com.crm.ObjectRepository.NewQuotesTest -->
