<?xml version="1.0" encoding="UTF-8"?>
<!-- Generated by org.testng.reporters.JUnitReportReporter -->
<testsuite skipped="0" hostname="LT-Dell" name="com.crm.ObjectRepository.CreateQuotesWithOutFilling" tests="1" failures="0" timestamp="28 Oct 2018 15:48:58 GMT" time="20.763" errors="0">
  <testcase name="CreateQuotesWithOutFillingData" time="20.763" classname="com.crm.ObjectRepository.CreateQuotesWithOutFilling"/>
</testsuite> <!-- com.crm.ObjectRepository.CreateQuotesWithOutFilling -->
