<?xml version="1.0" encoding="UTF-8"?>
<!-- Generated by org.testng.reporters.JUnitReportReporter -->
<testsuite skipped="0" hostname="LT-Dell" name="com.crm.QuotesTest.QuotesTest" tests="5" failures="0" timestamp="28 Oct 2018 18:17:49 GMT" time="132.754" errors="0">
  <testcase name="createQuotes" time="29.364" classname="com.crm.QuotesTest.QuotesTest"/>
  <testcase name="createQuotesTest" time="30.164" classname="com.crm.QuotesTest.QuotesTest"/>
  <testcase name="createQuotesTest1" time="36.038" classname="com.crm.QuotesTest.QuotesTest"/>
  <testcase name="createQuoteswithoutFillingTest" time="18.116" classname="com.crm.QuotesTest.QuotesTest"/>
  <testcase name="QuotesSettingsTest" time="19.072" classname="com.crm.QuotesTest.QuotesTest"/>
</testsuite> <!-- com.crm.QuotesTest.QuotesTest -->
